\BOOKMARK [1][-]{section.1}{Pre\342mbulo}{}% 1
\BOOKMARK [1][-]{section.2}{Documenta\347\343o}{}% 2
\BOOKMARK [1][-]{section.3}{Como realizar o trabalho}{}% 3
\BOOKMARK [1][-]{appendix.A}{Como exprimir c\341lculos e diagramas em LaTeX/lhs2tex}{}% 4
\BOOKMARK [1][-]{appendix.B}{C\363digo fornecido}{}% 5
\BOOKMARK [1][-]{appendix.C}{Solu\347\365es dos alunos}{}% 6
\BOOKMARK [2][-]{subsubsection.C.0.1}{discollect}{appendix.C}% 7
\BOOKMARK [3][-]{subsubsection.C.0.2}{dicexp}{subsubsection.C.0.1}% 8
\BOOKMARK [3][-]{subsubsection.C.0.3}{dicrd}{subsubsection.C.0.1}% 9
\BOOKMARK [3][-]{subsubsection.C.0.4}{dicin}{subsubsection.C.0.1}% 10
\BOOKMARK [3][-]{subsubsection.C.0.5}{maisDir}{subsubsection.C.0.1}% 11
\BOOKMARK [3][-]{subsubsection.C.0.6}{maisEsq}{subsubsection.C.0.1}% 12
\BOOKMARK [3][-]{subsubsection.C.0.7}{insOrd}{subsubsection.C.0.1}% 13
\BOOKMARK [3][-]{subsubsection.C.0.8}{isOrd}{subsubsection.C.0.1}% 14
\BOOKMARK [3][-]{subsubsection.C.0.9}{rrot}{subsubsection.C.0.1}% 15
\BOOKMARK [3][-]{subsubsection.C.0.10}{lrot}{subsubsection.C.0.1}% 16
\BOOKMARK [3][-]{subsubsection.C.0.11}{splay}{subsubsection.C.0.1}% 17
\BOOKMARK [3][-]{subsubsection.C.0.12}{extLTree}{subsubsection.C.0.1}% 18
\BOOKMARK [3][-]{subsubsection.C.0.13}{anaBdt}{subsubsection.C.0.1}% 19
\BOOKMARK [3][-]{subsubsection.C.0.14}{navLTree}{subsubsection.C.0.1}% 20
\BOOKMARK [3][-]{subsubsection.C.0.15}{bnavLTree}{subsubsection.C.0.1}% 21
